11.6641 	WARNING 	User requested fullscreen with size [1024  768], but screen is actually [1680, 1050]. Using actual size
12.5859 	DATA 	Mouse: wheel shift=(0,0), pos=(312,777)
12.6368 	EXP 	Created window1 = Window(allowGUI=False, allowStencil=False, args=UNKNOWN, autoLog=True, bitsMode=UNKNOWN, blendMode='avg', color=array([0., 0., 0.]), colorSpace='rgb', fullscr=<method-wrapper '__getattribute__' of attributeSetter object at 0x134773160>, gamma=None, kwargs=UNKNOWN, lms=UNKNOWN, monitor=<psychopy.monitors.calibTools.Monitor object at 0x13a7a8588>, multiSample=False, name='window1', numSamples=2, pos=[0.0, 0.0], screen=0, size=array([3360, 2100]), stereo=False, units='height', useFBO=True, useRetina=True, viewOri=0.0, viewPos=None, viewScale=None, waitBlanking=True, winType='pyglet')
12.6369 	EXP 	window1: recordFrameIntervals = False
12.8032 	EXP 	window1: recordFrameIntervals = True
12.9865 	EXP 	window1: recordFrameIntervals = False
15.5185 	EXP 	Created text = TextStim(__class__=<class 'psychopy.visual.text.TextStim'>, alignHoriz='center', alignVert='center', antialias=True, autoLog=True, bold=False, color='white', colorSpace='named', contrast=1.0, depth=-1.0, flipHoriz=False, flipVert=False, font='Arial', fontFiles=[], height=0.05, italic=False, languageStyle='LTR', name='text', opacity=1.0, ori=0, pos=array([0., 0.]), rgb=array([255., 255., 255.]), text=str(...), units='height', win=Window(...), wrapWidth=1)
15.5505 	EXP 	Created text_2 = TextStim(__class__=<class 'psychopy.visual.text.TextStim'>, alignHoriz='center', alignVert='center', antialias=True, autoLog=True, bold=False, color='white', colorSpace='named', contrast=1.0, depth=0.0, flipHoriz=False, flipVert=False, font='Arial', fontFiles=[], height=0.05, italic=False, languageStyle='LTR', name='text_2', opacity=1.0, ori=0, pos=array([0., 0.]), rgb=array([255., 255., 255.]), text=str(...), units='height', win=Window(...), wrapWidth=1)
15.5580 	EXP 	Created Stim_Word = TextStim(__class__=<class 'psychopy.visual.text.TextStim'>, alignHoriz='center', alignVert='center', antialias=True, autoLog=True, bold=False, color='white', colorSpace='named', contrast=1.0, depth=0.0, flipHoriz=False, flipVert=False, font='Arial', fontFiles=[], height=0.1, italic=False, languageStyle='LTR', name='Stim_Word', opacity=1.0, ori=0, pos=array([0., 0.]), rgb=array([255., 255., 255.]), text='default text', units='height', win=Window(...), wrapWidth=1)
15.5646 	EXP 	Created Categories = TextStim(__class__=<class 'psychopy.visual.text.TextStim'>, alignHoriz='center', alignVert='center', antialias=True, autoLog=True, bold=False, color='white', colorSpace='named', contrast=1.0, depth=-1.0, flipHoriz=False, flipVert=False, font='Arial', fontFiles=[], height=0.04, italic=False, languageStyle='LTR', name='Categories', opacity=1.0, ori=0, pos=array([ 0. , -0.4]), rgb=array([255., 255., 255.]), text='default text', units='height', win=Window(...), wrapWidth=1)
15.5843 	EXP 	Created text_3 = TextStim(__class__=<class 'psychopy.visual.text.TextStim'>, alignHoriz='center', alignVert='center', antialias=True, autoLog=True, bold=False, color='white', colorSpace='named', contrast=1.0, depth=0.0, flipHoriz=False, flipVert=False, font='Arial', fontFiles=[], height=0.05, italic=False, languageStyle='LTR', name='text_3', opacity=1.0, ori=0, pos=array([0., 0.]), rgb=array([255., 255., 255.]), text=str(...), units='height', win=Window(...), wrapWidth=1)
15.5880 	EXP 	Created Stim_Word = TextStim(__class__=<class 'psychopy.visual.text.TextStim'>, alignHoriz='center', alignVert='center', antialias=True, autoLog=True, bold=False, color='white', colorSpace='named', contrast=1.0, depth=0.0, flipHoriz=False, flipVert=False, font='Arial', fontFiles=[], height=0.1, italic=False, languageStyle='LTR', name='Stim_Word', opacity=1.0, ori=0, pos=array([0., 0.]), rgb=array([255., 255., 255.]), text='default text', units='height', win=Window(...), wrapWidth=1)
15.5918 	EXP 	Created Categories = TextStim(__class__=<class 'psychopy.visual.text.TextStim'>, alignHoriz='center', alignVert='center', antialias=True, autoLog=True, bold=False, color='white', colorSpace='named', contrast=1.0, depth=-1.0, flipHoriz=False, flipVert=False, font='Arial', fontFiles=[], height=0.04, italic=False, languageStyle='LTR', name='Categories', opacity=1.0, ori=0, pos=array([ 0. , -0.4]), rgb=array([255., 255., 255.]), text='default text', units='height', win=Window(...), wrapWidth=1)
15.9414 	EXP 	text: autoDraw = True
17.4051 	DATA 	Keypress: space
17.4232 	EXP 	text: autoDraw = False
17.4232 	EXP 	text_2: autoDraw = True
18.1321 	EXP 	Imported KTT_Trial_List.xlsx as conditions, 13 conditions, 5 params
18.1323 	EXP 	Created sequence: sequential, trialTypes=13, nReps=1, seed=None
18.1326 	EXP 	New trial (rep=0, index=0): OrderedDict([('Trial', 1), ('Num_Cat', 3), ('word', 'Aluminum'), ('category', 'Metals'), ('Trial_Cats', 'Distances  Metals  Relatives')])
18.1479 	DATA 	Keypress: space
18.1727 	EXP 	text_2: autoDraw = False
18.1727 	EXP 	Stim_Word: text = 'Aluminum'
18.1727 	EXP 	Categories: text = 'Distances  Metals  Relatives'
18.1727 	EXP 	Stim_Word: autoDraw = True
18.1727 	EXP 	Categories: autoDraw = True
19.6237 	EXP 	New trial (rep=0, index=1): OrderedDict([('Trial', 1), ('Num_Cat', 3), ('word', 'Iron'), ('category', 'Metals'), ('Trial_Cats', 'Distances  Metals  Relatives')])
19.6403 	EXP 	Stim_Word: autoDraw = False
19.6403 	EXP 	Categories: autoDraw = False
19.6403 	EXP 	Stim_Word: text = 'Iron'
19.6403 	EXP 	Categories: text = 'Distances  Metals  Relatives'
19.6403 	EXP 	Stim_Word: autoDraw = True
19.6403 	EXP 	Categories: autoDraw = True
21.1236 	EXP 	New trial (rep=0, index=2): OrderedDict([('Trial', 1), ('Num_Cat', 3), ('word', 'Aunt'), ('category', 'Relatives'), ('Trial_Cats', 'Distances  Metals  Relatives')])
21.1394 	EXP 	Stim_Word: autoDraw = False
21.1394 	EXP 	Categories: autoDraw = False
21.1394 	EXP 	Stim_Word: text = 'Aunt'
21.1394 	EXP 	Categories: text = 'Distances  Metals  Relatives'
21.1394 	EXP 	Stim_Word: autoDraw = True
21.1394 	EXP 	Categories: autoDraw = True
22.6228 	EXP 	New trial (rep=0, index=3): OrderedDict([('Trial', 1), ('Num_Cat', 3), ('word', 'Father'), ('category', 'Relatives'), ('Trial_Cats', 'Distances  Metals  Relatives')])
22.6392 	EXP 	Stim_Word: autoDraw = False
22.6392 	EXP 	Categories: autoDraw = False
22.6392 	EXP 	Stim_Word: text = 'Father'
22.6392 	EXP 	Categories: text = 'Distances  Metals  Relatives'
22.6392 	EXP 	Stim_Word: autoDraw = True
22.6392 	EXP 	Categories: autoDraw = True
24.1218 	EXP 	New trial (rep=0, index=4): OrderedDict([('Trial', 1), ('Num_Cat', 3), ('word', 'Daughter'), ('category', 'Relatives'), ('Trial_Cats', 'Distances  Metals  Relatives')])
24.1559 	EXP 	Stim_Word: autoDraw = False
24.1559 	EXP 	Categories: autoDraw = False
24.1559 	EXP 	Stim_Word: text = 'Daughter'
24.1559 	EXP 	Categories: text = 'Distances  Metals  Relatives'
24.1559 	EXP 	Stim_Word: autoDraw = True
24.1559 	EXP 	Categories: autoDraw = True
25.6239 	EXP 	New trial (rep=0, index=5): OrderedDict([('Trial', 1), ('Num_Cat', 3), ('word', 'Father'), ('category', 'Relatives'), ('Trial_Cats', 'Distances  Metals  Relatives')])
25.6398 	EXP 	Stim_Word: autoDraw = False
25.6398 	EXP 	Categories: autoDraw = False
25.6398 	EXP 	Stim_Word: text = 'Father'
25.6398 	EXP 	Categories: text = 'Distances  Metals  Relatives'
25.6398 	EXP 	Stim_Word: autoDraw = True
25.6398 	EXP 	Categories: autoDraw = True
27.1239 	EXP 	New trial (rep=0, index=6): OrderedDict([('Trial', 1), ('Num_Cat', 3), ('word', 'Inches'), ('category', 'Distances'), ('Trial_Cats', 'Distances  Metals  Relatives')])
27.1565 	EXP 	Stim_Word: autoDraw = False
27.1565 	EXP 	Categories: autoDraw = False
27.1565 	EXP 	Stim_Word: text = 'Inches'
27.1565 	EXP 	Categories: text = 'Distances  Metals  Relatives'
27.1565 	EXP 	Stim_Word: autoDraw = True
27.1565 	EXP 	Categories: autoDraw = True
28.6247 	EXP 	New trial (rep=0, index=7): OrderedDict([('Trial', 1), ('Num_Cat', 3), ('word', 'Daughter'), ('category', 'Relatives'), ('Trial_Cats', 'Distances  Metals  Relatives')])
28.6562 	EXP 	Stim_Word: autoDraw = False
28.6562 	EXP 	Categories: autoDraw = False
28.6562 	EXP 	Stim_Word: text = 'Daughter'
28.6562 	EXP 	Categories: text = 'Distances  Metals  Relatives'
28.6562 	EXP 	Stim_Word: autoDraw = True
28.6562 	EXP 	Categories: autoDraw = True
30.1236 	EXP 	New trial (rep=0, index=8): OrderedDict([('Trial', 1), ('Num_Cat', 3), ('word', 'Miles'), ('category', 'Distances'), ('Trial_Cats', 'Distances  Metals  Relatives')])
30.1565 	EXP 	Stim_Word: autoDraw = False
30.1565 	EXP 	Categories: autoDraw = False
30.1565 	EXP 	Stim_Word: text = 'Miles'
30.1565 	EXP 	Categories: text = 'Distances  Metals  Relatives'
30.1565 	EXP 	Stim_Word: autoDraw = True
30.1565 	EXP 	Categories: autoDraw = True
31.6218 	EXP 	New trial (rep=0, index=9): OrderedDict([('Trial', 1), ('Num_Cat', 3), ('word', 'Aluminum'), ('category', 'Metals'), ('Trial_Cats', 'Distances  Metals  Relatives')])
31.6379 	EXP 	Stim_Word: autoDraw = False
31.6379 	EXP 	Categories: autoDraw = False
31.6379 	EXP 	Stim_Word: text = 'Aluminum'
31.6379 	EXP 	Categories: text = 'Distances  Metals  Relatives'
31.6379 	EXP 	Stim_Word: autoDraw = True
31.6379 	EXP 	Categories: autoDraw = True
33.1224 	EXP 	New trial (rep=0, index=10): OrderedDict([('Trial', 1), ('Num_Cat', 3), ('word', 'Iron'), ('category', 'Metals'), ('Trial_Cats', 'Distances  Metals  Relatives')])
33.1385 	EXP 	Stim_Word: autoDraw = False
33.1385 	EXP 	Categories: autoDraw = False
33.1385 	EXP 	Stim_Word: text = 'Iron'
33.1385 	EXP 	Categories: text = 'Distances  Metals  Relatives'
33.1385 	EXP 	Stim_Word: autoDraw = True
33.1385 	EXP 	Categories: autoDraw = True
34.6242 	EXP 	New trial (rep=0, index=11): OrderedDict([('Trial', 1), ('Num_Cat', 3), ('word', 'Aunt'), ('category', 'Relatives'), ('Trial_Cats', 'Distances  Metals  Relatives')])
34.6406 	EXP 	Stim_Word: autoDraw = False
34.6406 	EXP 	Categories: autoDraw = False
34.6406 	EXP 	Stim_Word: text = 'Aunt'
34.6406 	EXP 	Categories: text = 'Distances  Metals  Relatives'
34.6406 	EXP 	Stim_Word: autoDraw = True
34.6406 	EXP 	Categories: autoDraw = True
36.1243 	EXP 	New trial (rep=0, index=12): OrderedDict([('Trial', 2), ('Num_Cat', 4), ('word', 'Red'), ('category', 'Colors'), ('Trial_Cats', 'Colors  Countries  Distances  Metals')])
36.1574 	EXP 	Stim_Word: autoDraw = False
36.1574 	EXP 	Categories: autoDraw = False
36.1574 	EXP 	Stim_Word: text = 'Red'
36.1574 	EXP 	Categories: text = 'Colors  Countries  Distances  Metals'
36.1574 	EXP 	Stim_Word: autoDraw = True
36.1574 	EXP 	Categories: autoDraw = True
37.4504 	DATA 	Keypress: escape
37.7966 	EXP 	window1: mouseVisible = True
